<?xml version="1.0" encoding="UTF-8"?>
<!-- Generated by org.testng.reporters.JUnitReportReporter -->
<testsuite hostname="Sriuma-MBP.attlocal.net" failures="0" tests="1" name="restapitest.restapitestingframework.tests.RestapiTest" time="1.521" errors="0" timestamp="2021-02-28T12:01:24 PST" skipped="0">
  <testcase classname="restapitest.restapitestingframework.tests.RestapiTest" name="searchWithValidText" time="1.521"/>
  <system-out/>
</testsuite> <!-- restapitest.restapitestingframework.tests.RestapiTest -->
