<?xml version="1.0" encoding="UTF-8"?>
<!-- Generated by org.testng.reporters.JUnitReportReporter -->
<testsuite hostname="Sriuma-MBP.attlocal.net" failures="0" tests="6" name="restapitest.restapitestingframework.tests.NasaSearchByMediaType" time="2.543" errors="0" timestamp="2021-03-01T17:35:37 PST" skipped="4">
  <testcase classname="restapitest.restapitestingframework.tests.NasaSearchByMediaType" name="searchWithInvalidyString" time="1.541"/>
  <system-out/>
  <testcase classname="restapitest.restapitestingframework.tests.NasaSearchByMediaType" name="searchWithValidTextInLowercase" time="1.002"/>
  <system-out/>
  <testcase classname="restapitest.restapitestingframework.tests.NasaSearchByMediaType" name="searchWithValidTextInMixedcase">
    <skipped/>
  </testcase> <!-- searchWithValidTextInMixedcase -->
  <system-out/>
  <testcase classname="restapitest.restapitestingframework.tests.NasaSearchByMediaType" name="searchWithNull">
    <skipped/>
  </testcase> <!-- searchWithNull -->
  <system-out/>
  <testcase classname="restapitest.restapitestingframework.tests.NasaSearchByMediaType" name="searchWithEmptyString">
    <skipped/>
  </testcase> <!-- searchWithEmptyString -->
  <system-out/>
  <testcase classname="restapitest.restapitestingframework.tests.NasaSearchByMediaType" name="searchWithValidTextInUppercase">
    <skipped/>
  </testcase> <!-- searchWithValidTextInUppercase -->
  <system-out/>
</testsuite> <!-- restapitest.restapitestingframework.tests.NasaSearchByMediaType -->
