<?xml version="1.0" encoding="UTF-8"?>
<!-- Generated by org.testng.reporters.JUnitReportReporter -->
<testsuite hostname="Sriuma-MBP.attlocal.net" failures="0" tests="4" name="restapitest.restapitestingframework.tests.NasaSearchAPIByDate" time="5.411" errors="0" timestamp="2021-03-01T18:45:05 PST" skipped="0">
  <testcase classname="restapitest.restapitestingframework.tests.NasaSearchAPIByDate" name="searchWithInvalidEndYear" time="4.033"/>
  <system-out/>
  <testcase classname="restapitest.restapitestingframework.tests.NasaSearchAPIByDate" name="searchWithOptionalParameters" time="0.588"/>
  <system-out/>
  <testcase classname="restapitest.restapitestingframework.tests.NasaSearchAPIByDate" name="searchWithStartYearInFuture" time="0.544"/>
  <system-out/>
  <testcase classname="restapitest.restapitestingframework.tests.NasaSearchAPIByDate" name="searchWithInvalidStartYear" time="0.246"/>
  <system-out/>
</testsuite> <!-- restapitest.restapitestingframework.tests.NasaSearchAPIByDate -->
