<?xml version="1.0" encoding="UTF-8"?>
<!-- Generated by org.testng.reporters.JUnitReportReporter -->
<testsuite hostname="Sriuma-MBP.attlocal.net" failures="0" tests="4" name="restapitest.restapitestingframework.tests.NasaSearchAPIByDateTest" time="1.064" errors="0" timestamp="2021-03-01T19:08:24 PST" skipped="0">
  <testcase classname="restapitest.restapitestingframework.tests.NasaSearchAPIByDateTest" name="searchWithOptionalParameters" time="0.239"/>
  <system-out/>
  <testcase classname="restapitest.restapitestingframework.tests.NasaSearchAPIByDateTest" name="searchWithStartYearInFuture" time="0.208"/>
  <system-out/>
  <testcase classname="restapitest.restapitestingframework.tests.NasaSearchAPIByDateTest" name="searchWithInvalidStartYear" time="0.424"/>
  <system-out/>
  <testcase classname="restapitest.restapitestingframework.tests.NasaSearchAPIByDateTest" name="searchWithInvalidEndYear" time="0.193"/>
  <system-out/>
</testsuite> <!-- restapitest.restapitestingframework.tests.NasaSearchAPIByDateTest -->
