<?xml version="1.0" encoding="UTF-8"?>
<!-- Generated by org.testng.reporters.JUnitReportReporter -->
<testsuite hostname="Sriuma-MBP.attlocal.net" failures="0" tests="6" name="restapitest.restapitestingframework.tests.NasaSearchAPIByTextTest" time="5.523" errors="0" timestamp="2021-03-01T19:08:24 PST" skipped="0">
  <testcase classname="restapitest.restapitestingframework.tests.NasaSearchAPIByTextTest" name="searchWithInvalidyString" time="0.390"/>
  <system-out/>
  <testcase classname="restapitest.restapitestingframework.tests.NasaSearchAPIByTextTest" name="searchWithNull" time="0.395"/>
  <system-out/>
  <testcase classname="restapitest.restapitestingframework.tests.NasaSearchAPIByTextTest" name="searchWithValidTextInMixedcase" time="0.614"/>
  <system-out/>
  <testcase classname="restapitest.restapitestingframework.tests.NasaSearchAPIByTextTest" name="searchWithValidTextInUppercase" time="0.754"/>
  <system-out/>
  <testcase classname="restapitest.restapitestingframework.tests.NasaSearchAPIByTextTest" name="searchWithValidTextInLowercase" time="1.530"/>
  <system-out/>
  <testcase classname="restapitest.restapitestingframework.tests.NasaSearchAPIByTextTest" name="searchWithEmptyString" time="1.840"/>
  <system-out/>
</testsuite> <!-- restapitest.restapitestingframework.tests.NasaSearchAPIByTextTest -->
